report@config:load 46.63
Authorized using stored user info.
report@account:authorize 17.19
stderr: 'rm' is not recognized as an internal or external command,
operable program or batch file.

Exporting assets from Unity.........

[ Stage1 ] Assets exported from Unity and staged for further processing
report@unity:export 6068.91
report@config:load 28.88
Using Z:/Github/BobaApp/BobaApp/Assets/TextMesh Pro/Fonts/LiberationSans.ttf file to generate an atlas for LiberationSans[36038] font
  Using alphabet  §1234567890-=qwertyuiop[]asdfghjkl;'\`zxcvbnm,./±!@#$%^&*()_+QWERTYUIOP{}ASDFGHJKL:"|~ZXCVBNM<>?
Combined 97 glyphs into bitmap texture at Z:/Github/BobaApp/BobaApp/LunaTemp/stage1/tmp/fonts/LiberationSans-36038/output_0.png (56kb)
Found custom rules for texture Assets/TextMesh Pro/Resources/Fonts & Materials/LiberationSans SDF.asset
  {"maxWidth":512,"maxHeight":512,"format":"png32","compression":"none","quality":65,"script":"","ext":"","name":"Assets/TextMesh Pro/Resources/Fonts & Materials/LiberationSans SDF.asset","isOverride":true}
Found custom rules for texture Assets/TextMesh Pro/Resources/Fonts & Materials/LiberationSans SDF - Fallback.asset
  {"maxWidth":512,"maxHeight":512,"format":"png32","compression":"none","quality":65,"script":"","ext":"","name":"Assets/TextMesh Pro/Resources/Fonts & Materials/LiberationSans SDF - Fallback.asset","isOverride":true}
Resources:
{}
report@assets:stage2 3564.85
report@assets:stage3 294.88
[ Stage2 ] Assets postprocessed and bundled successfully
report@config:unity 0.34
report@config:load 73.12
report@config:unity 2.35
report@code:compose 245.37
Authorized using stored user info.
report@account:authorize 3.57
MSBuild version 17.6.3+07e294721 for .NET Framework

Build started 27/8/2023 2:08:07 PM.



Project "C:\Users\Admin\Desktop\luna\5.2.0\pipeline\templates\LunaCompiler\Scripts\Scripts.csproj" on node 1 (Rebuild target(s)).
CoreClean:
  Deleting file "C:\Users\Admin\Desktop\luna\5.2.0\pipeline\templates\LunaCompiler\Scripts\bin\Debug\UnityScriptsCompiler.dll".

  Deleting file "C:\Users\Admin\Desktop\luna\5.2.0\pipeline\templates\LunaCompiler\Scripts\bin\Debug\UnityScriptsCompiler.pdb".

  Deleting file "C:\Users\Admin\Desktop\luna\5.2.0\pipeline\templates\LunaCompiler\Scripts\bin\Debug\Bridge.dll".

  Deleting file "C:\Users\Admin\Desktop\luna\5.2.0\pipeline\templates\LunaCompiler\Scripts\bin\Debug\Bridge.Html5.dll".

  Deleting file "C:\Users\Admin\Desktop\luna\5.2.0\pipeline\templates\LunaCompiler\Scripts\bin\Debug\Bridge.WebGL.dll".

  Deleting file "C:\Users\Admin\Desktop\luna\5.2.0\pipeline\templates\LunaCompiler\Scripts\bin\Debug\DOTween.dll".

  Deleting file "C:\Users\Admin\Desktop\luna\5.2.0\pipeline\templates\LunaCompiler\Scripts\bin\Debug\Newtonsoft.Json.dll".

  Deleting file "C:\Users\Admin\Desktop\luna\5.2.0\pipeline\templates\LunaCompiler\Scripts\bin\Debug\Retyped.Core.dll".

  Deleting file "C:\Users\Admin\Desktop\luna\5.2.0\pipeline\templates\LunaCompiler\Scripts\bin\Debug\Retyped.dom.dll".

  Deleting file "C:\Users\Admin\Desktop\luna\5.2.0\pipeline\templates\LunaCompiler\Scripts\bin\Debug\Retyped.es5.dll".

  Deleting file "C:\Users\Admin\Desktop\luna\5.2.0\pipeline\templates\LunaCompiler\Scripts\bin\Debug\Retyped.scripthost.dll".

  Deleting file "C:\Users\Admin\Desktop\luna\5.2.0\pipeline\templates\LunaCompiler\Scripts\bin\Debug\TextMeshPro.dll".

  Deleting file "C:\Users\Admin\Desktop\luna\5.2.0\pipeline\templates\LunaCompiler\Scripts\bin\Debug\UnityEngine.dll".

  Deleting file "C:\Users\Admin\Desktop\luna\5.2.0\pipeline\templates\LunaCompiler\Scripts\bin\Debug\UnityEngine.UI.dll".

  Deleting file "C:\Users\Admin\Desktop\luna\5.2.0\pipeline\templates\LunaCompiler\Scripts\bin\Debug\UnityEngine.UniversalRenderPipeline.dll".

  Deleting file "C:\Users\Admin\Desktop\luna\5.2.0\pipeline\templates\LunaCompiler\Scripts\bin\Debug\Bridge.xml".

  Deleting file "C:\Users\Admin\Desktop\luna\5.2.0\pipeline\templates\LunaCompiler\Scripts\bin\Debug\Bridge.Html5.xml".

  Deleting file "C:\Users\Admin\Desktop\luna\5.2.0\pipeline\templates\LunaCompiler\Scripts\bin\Debug\Bridge.WebGL.xml".

  Deleting file "C:\Users\Admin\Desktop\luna\5.2.0\pipeline\templates\LunaCompiler\Scripts\bin\Debug\Newtonsoft.Json.xml".

  Deleting file "C:\Users\Admin\Desktop\luna\5.2.0\pipeline\templates\LunaCompiler\Scripts\bin\Debug\Retyped.Core.xml".

  Deleting file "C:\Users\Admin\Desktop\luna\5.2.0\pipeline\templates\LunaCompiler\Scripts\bin\Debug\Retyped.dom.xml".

  Deleting file "C:\Users\Admin\Desktop\luna\5.2.0\pipeline\templates\LunaCompiler\Scripts\bin\Debug\Retyped.es5.xml".

  Deleting file "C:\Users\Admin\Desktop\luna\5.2.0\pipeline\templates\LunaCompiler\Scripts\bin\Debug\Retyped.scripthost.xml".

  Deleting file "C:\Users\Admin\Desktop\luna\5.2.0\pipeline\templates\LunaCompiler\Scripts\obj\Debug\Scripts.csproj.AssemblyReference.cache".

  Deleting file "C:\Users\Admin\Desktop\luna\5.2.0\pipeline\templates\LunaCompiler\Scripts\obj\Debug\Scripts.csproj.CoreCompileInputs.cache".

  Deleting file "C:\Users\Admin\Desktop\luna\5.2.0\pipeline\templates\LunaCompiler\Scripts\obj\Debug\Scripts.csproj.CopyComplete".

  Deleting file "C:\Users\Admin\Desktop\luna\5.2.0\pipeline\templates\LunaCompiler\Scripts\obj\Debug\UnityScriptsCompiler.dll".

  Deleting file "C:\Users\Admin\Desktop\luna\5.2.0\pipeline\templates\LunaCompiler\Scripts\obj\Debug\UnityScriptsCompiler.pdb".

GenerateTargetFrameworkMonikerAttribute:
Skipping target "GenerateTargetFrameworkMonikerAttribute" because all output files are up-to-date with respect to the input files.

CoreCompile:

  C:\Program Files\Microsoft Visual Studio\2022\Community\MSBuild\Current\Bin\Roslyn\csc.exe /noconfig /nowarn:CS0626,1701,1702 /fullpaths /nostdlib+ /errorreport:prompt /warn:4 /define:UNITY_LUNA;CSHARP_7_OR_LATER;CSHARP_7_3_OR_NEWER;UNITY_5_3_OR_NEWER;UNITY_5_4_OR_NEWER;UNITY_5_5_OR_NEWER;UNITY_2021;UNITY_2017_1_OR_NEWER;UNITY_2017_2_OR_NEWER;UNITY_2017_3_OR_NEWER;UNITY_2017_4_OR_NEWER;UNITY_2018_1_OR_NEWER;UNITY_2018_2_OR_NEWER;UNITY_2018_3_OR_NEWER;UNITY_2018_4_OR_NEWER;UNITY_2019_1_OR_NEWER;UNITY_2019_2_OR_NEWER;UNITY_2019_3_OR_NEWER;UNITY_2019_4_OR_NEWER;UNITY_2020_1_OR_NEWER;UNITY_2020_2_OR_NEWER;UNITY_2020_3_OR_NEWER;UNITY_2021_1_OR_NEWER;UNITY_2021_2_OR_NEWER;UNITY_2021_3_OR_NEWER;UNITY_2021_3;UNITY_2021_3_28 /highentropyva+ /reference:C:\Users\Admin\Desktop\luna\5.2.0\pipeline\templates\LunaCompiler\packages\Bridge.Core.17.9.33-luna\lib\net40\Bridge.dll /reference:C:\Users\Admin\Desktop\luna\5.2.0\pipeline\templates\LunaCompiler\packages\Bridge.Html5.17.9.0\lib\net40\Bridge.Html5.dll /reference:C:\Users\Admin\Desktop\luna\5.2.0\pipeline\templates\LunaCompiler\packages\Bridge.WebGL.1.22.0\lib\net40\Bridge.WebGL.dll /reference:C:\Users\Admin\Desktop\luna\5.2.0\pipeline\templates\LunaCompiler\packages\DOTween.1.2.705\lib\net40\DOTween.dll /reference:C:\Users\Admin\Desktop\luna\5.2.0\pipeline\templates\LunaCompiler\packages\Bridge.Newtonsoft.Json.1.16.0\lib\net40\Newtonsoft.Json.dll /reference:C:\Users\Admin\Desktop\luna\5.2.0\pipeline\templates\LunaCompiler\packages\Retyped.Core.1.6.6733\lib\net40\Retyped.Core.dll /reference:C:\Users\Admin\Desktop\luna\5.2.0\pipeline\templates\LunaCompiler\packages\Retyped.dom.2.8.6733\lib\net40\Retyped.dom.dll /reference:C:\Users\Admin\Desktop\luna\5.2.0\pipeline\templates\LunaCompiler\packages\Retyped.es5.2.8.6733\lib\net40\Retyped.es5.dll /reference:C:\Users\Admin\Desktop\luna\5.2.0\pipeline\templates\LunaCompiler\packages\Retyped.scripthost.2.8.6733\lib\net40\Retyped.scripthost.dll /reference:C:\Users\Admin\Desktop\luna\5.2.0\pipeline\templates\LunaCompiler\packages\com.unity.textmeshpro\3.0.6\TextMeshPro.dll /reference:C:\Users\Admin\Desktop\luna\5.2.0\pipeline\templates\LunaCompiler\Scripts\Vendor\UnityEngine.dll /reference:C:\Users\Admin\Desktop\luna\5.2.0\pipeline\templates\LunaCompiler\packages\com.unity.ui\1.2.1\UnityEngine.UI.dll /reference:C:\Users\Admin\Desktop\luna\5.2.0\pipeline\templates\LunaCompiler\packages\com.unity.urp\7.6\UnityEngine.UniversalRenderPipeline.dll /debug+ /debug:full /optimize- /out:obj\Debug\UnityScriptsCompiler.dll /subsystemversion:6.00 /target:library /utf8output /langversion:7.2 Z:\Github\BobaApp\BobaApp\Assets\DOTween_1_2_632\DOTween\Modules\DOTweenModuleAudio.cs Z:\Github\BobaApp\BobaApp\Assets\DOTween_1_2_632\DOTween\Modules\DOTweenModuleEPOOutline.cs Z:\Github\BobaApp\BobaApp\Assets\DOTween_1_2_632\DOTween\Modules\DOTweenModulePhysics.cs Z:\Github\BobaApp\BobaApp\Assets\DOTween_1_2_632\DOTween\Modules\DOTweenModulePhysics2D.cs Z:\Github\BobaApp\BobaApp\Assets\DOTween_1_2_632\DOTween\Modules\DOTweenModuleSprite.cs Z:\Github\BobaApp\BobaApp\Assets\DOTween_1_2_632\DOTween\Modules\DOTweenModuleUI.cs Z:\Github\BobaApp\BobaApp\Assets\DOTween_1_2_632\DOTween\Modules\DOTweenModuleUnityVersion.cs Z:\Github\BobaApp\BobaApp\Assets\DOTween_1_2_632\DOTween\Modules\DOTweenModuleUtils.cs Z:\Github\BobaApp\BobaApp\Assets\Scripts\ButtonBeverage.cs Z:\Github\BobaApp\BobaApp\Assets\Scripts\GamePlay\BezierCollider2D.cs Z:\Github\BobaApp\BobaApp\Assets\Scripts\GamePlay\BezierCollider2DEditor.cs Z:\Github\BobaApp\BobaApp\Assets\Scripts\GamePlay\DrinkMaterial.cs Z:\Github\BobaApp\BobaApp\Assets\Scripts\GamePlay\Faucet.cs Z:\Github\BobaApp\BobaApp\Assets\Scripts\GamePlay\FaucetManager.cs Z:\Github\BobaApp\BobaApp\Assets\Scripts\GamePlay\Glass.cs Z:\Github\BobaApp\BobaApp\Assets\Scripts\GamePlay\Ice.cs Z:\Github\BobaApp\BobaApp\Assets\Scripts\GamePlay\Liquid.cs Z:\Github\BobaApp\BobaApp\Assets\Scripts\HungBia\DrinkController.cs Z:\Github\BobaApp\BobaApp\Assets\Scripts\HungBia\Drop.cs Z:\Github\BobaApp\BobaApp\Assets\Scripts\HungBia\MoveController.cs Z:\Github\BobaApp\BobaApp\Assets\Scripts\HungBia\SexyShow.cs Z:\Github\BobaApp\BobaApp\Assets\Scripts\HungBia\SpawnRandom.cs Z:\Github\BobaApp\BobaApp\Assets\Scripts\HungBia\UpgradeController.cs Z:\Github\BobaApp\BobaApp\Assets\Scripts\LunaPool\LunaPool.cs Z:\Github\BobaApp\BobaApp\Assets\Scripts\Manager\GameManager\GameManager1.cs Z:\Github\BobaApp\BobaApp\Assets\Scripts\Manager\GameManager\GameManager2.cs Z:\Github\BobaApp\BobaApp\Assets\Scripts\Manager\GameManager\GameManager3.cs Z:\Github\BobaApp\BobaApp\Assets\Scripts\Manager\SoundManager\SoundManager.cs Z:\Github\BobaApp\BobaApp\Assets\Scripts\Utility\AutoDestroy.cs Z:\Github\BobaApp\BobaApp\Assets\Scripts\Utility\AutoDestructor.cs Z:\Github\BobaApp\BobaApp\Assets\Scripts\Utility\DefineHelper.cs Z:\Github\BobaApp\BobaApp\Assets\Scripts\Utility\EventDispatcher\EventDispatcher.cs Z:\Github\BobaApp\BobaApp\Assets\Scripts\Utility\GlobalInstance.cs Z:\Github\BobaApp\BobaApp\Assets\Scripts\Utility\HelperUtility.cs Z:\Github\BobaApp\BobaApp\Assets\Scripts\Utility\RotateObject.cs Z:\Github\BobaApp\BobaApp\Assets\Scripts\Utility\SimplePool.cs Z:\Github\BobaApp\BobaApp\Assets\Scripts\Utility\Singleton.cs Z:\Github\BobaApp\BobaApp\Assets\Scripts\Utility\VectorUlti.cs Z:\Github\BobaApp\BobaApp\Assets\Spine\Runtime\spine-csharp\Animation.cs Z:\Github\BobaApp\BobaApp\Assets\Spine\Runtime\spine-csharp\AnimationState.cs Z:\Github\BobaApp\BobaApp\Assets\Spine\Runtime\spine-csharp\AnimationStateData.cs Z:\Github\BobaApp\BobaApp\Assets\Spine\Runtime\spine-csharp\Atlas.cs Z:\Github\BobaApp\BobaApp\Assets\Spine\Runtime\spine-csharp\Attachments\AtlasAttachmentLoader.cs Z:\Github\BobaApp\BobaApp\Assets\Spine\Runtime\spine-csharp\Attachments\Attachment.cs Z:\Github\BobaApp\BobaApp\Assets\Spine\Runtime\spine-csharp\Attachments\AttachmentLoader.cs Z:\Github\BobaApp\BobaApp\Assets\Spine\Runtime\spine-csharp\Attachments\AttachmentType.cs Z:\Github\BobaApp\BobaApp\Assets\Spine\Runtime\spine-csharp\Attachments\BoundingBoxAttachment.cs Z:\Github\BobaApp\BobaApp\Assets\Spine\Runtime\spine-csharp\Attachments\ClippingAttachment.cs Z:\Github\BobaApp\BobaApp\Assets\Spine\Runtime\spine-csharp\Attachments\MeshAttachment.cs Z:\Github\BobaApp\BobaApp\Assets\Spine\Runtime\spine-csharp\Attachments\PathAttachment.cs Z:\Github\BobaApp\BobaApp\Assets\Spine\Runtime\spine-csharp\Attachments\PointAttachment.cs Z:\Github\BobaApp\BobaApp\Assets\Spine\Runtime\spine-csharp\Attachments\RegionAttachment.cs Z:\Github\BobaApp\BobaApp\Assets\Spine\Runtime\spine-csharp\Attachments\VertexAttachment.cs Z:\Github\BobaApp\BobaApp\Assets\Spine\Runtime\spine-csharp\BlendMode.cs Z:\Github\BobaApp\BobaApp\Assets\Spine\Runtime\spine-csharp\Bone.cs Z:\Github\BobaApp\BobaApp\Assets\Spine\Runtime\spine-csharp\BoneData.cs Z:\Github\BobaApp\BobaApp\Assets\Spine\Runtime\spine-csharp\Collections\OrderedDictionary.cs Z:\Github\BobaApp\BobaApp\Assets\Spine\Runtime\spine-csharp\ConstraintData.cs Z:\Github\BobaApp\BobaApp\Assets\Spine\Runtime\spine-csharp\Event.cs Z:\Github\BobaApp\BobaApp\Assets\Spine\Runtime\spine-csharp\EventData.cs Z:\Github\BobaApp\BobaApp\Assets\Spine\Runtime\spine-csharp\ExposedList.cs Z:\Github\BobaApp\BobaApp\Assets\Spine\Runtime\spine-csharp\IkConstraint.cs Z:\Github\BobaApp\BobaApp\Assets\Spine\Runtime\spine-csharp\IkConstraintData.cs Z:\Github\BobaApp\BobaApp\Assets\Spine\Runtime\spine-csharp\IUpdatable.cs Z:\Github\BobaApp\BobaApp\Assets\Spine\Runtime\spine-csharp\Json.cs Z:\Github\BobaApp\BobaApp\Assets\Spine\Runtime\spine-csharp\MathUtils.cs Z:\Github\BobaApp\BobaApp\Assets\Spine\Runtime\spine-csharp\PathConstraint.cs Z:\Github\BobaApp\BobaApp\Assets\Spine\Runtime\spine-csharp\PathConstraintData.cs Z:\Github\BobaApp\BobaApp\Assets\Spine\Runtime\spine-csharp\Skeleton.cs Z:\Github\BobaApp\BobaApp\Assets\Spine\Runtime\spine-csharp\SkeletonBinary.cs Z:\Github\BobaApp\BobaApp\Assets\Spine\Runtime\spine-csharp\SkeletonBounds.cs Z:\Github\BobaApp\BobaApp\Assets\Spine\Runtime\spine-csharp\SkeletonClipping.cs Z:\Github\BobaApp\BobaApp\Assets\Spine\Runtime\spine-csharp\SkeletonData.cs Z:\Github\BobaApp\BobaApp\Assets\Spine\Runtime\spine-csharp\SkeletonJson.cs Z:\Github\BobaApp\BobaApp\Assets\Spine\Runtime\spine-csharp\Skin.cs Z:\Github\BobaApp\BobaApp\Assets\Spine\Runtime\spine-csharp\Slot.cs Z:\Github\BobaApp\BobaApp\Assets\Spine\Runtime\spine-csharp\SlotData.cs Z:\Github\BobaApp\BobaApp\Assets\Spine\Runtime\spine-csharp\TransformConstraint.cs Z:\Github\BobaApp\BobaApp\Assets\Spine\Runtime\spine-csharp\TransformConstraintData.cs Z:\Github\BobaApp\BobaApp\Assets\Spine\Runtime\spine-csharp\Triangulator.cs "Z:\Github\BobaApp\BobaApp\Assets\Spine\Runtime\spine-unity\Asset Types\AnimationReferenceAsset.cs" "Z:\Github\BobaApp\BobaApp\Assets\Spine\Runtime\spine-unity\Asset Types\AtlasAssetBase.cs" "Z:\Github\BobaApp\BobaApp\Assets\Spine\Runtime\spine-unity\Asset Types\BlendModeMaterials.cs" "Z:\Github\BobaApp\BobaApp\Assets\Spine\Runtime\spine-unity\Asset Types\EventDataReferenceAsset.cs" "Z:\Github\BobaApp\BobaApp\Assets\Spine\Runtime\spine-unity\Asset Types\RegionlessAttachmentLoader.cs" "Z:\Github\BobaApp\BobaApp\Assets\Spine\Runtime\spine-unity\Asset Types\SkeletonDataAsset.cs" "Z:\Github\BobaApp\BobaApp\Assets\Spine\Runtime\spine-unity\Asset Types\SkeletonDataCompatibility.cs" "Z:\Github\BobaApp\BobaApp\Assets\Spine\Runtime\spine-unity\Asset Types\SkeletonDataModifierAsset.cs" "Z:\Github\BobaApp\BobaApp\Assets\Spine\Runtime\spine-unity\Asset Types\SpineAtlasAsset.cs" "Z:\Github\BobaApp\BobaApp\Assets\Spine\Runtime\spine-unity\Asset Types\SpineSpriteAtlasAsset.cs" Z:\Github\BobaApp\BobaApp\Assets\Spine\Runtime\spine-unity\Components\Following\BoneFollower.cs Z:\Github\BobaApp\BobaApp\Assets\Spine\Runtime\spine-unity\Components\Following\BoneFollowerGraphic.cs Z:\Github\BobaApp\BobaApp\Assets\Spine\Runtime\spine-unity\Components\Following\BoundingBoxFollower.cs Z:\Github\BobaApp\BobaApp\Assets\Spine\Runtime\spine-unity\Components\Following\BoundingBoxFollowerGraphic.cs Z:\Github\BobaApp\BobaApp\Assets\Spine\Runtime\spine-unity\Components\Following\PointFollower.cs Z:\Github\BobaApp\BobaApp\Assets\Spine\Runtime\spine-unity\Components\RootMotion\SkeletonMecanimRootMotion.cs Z:\Github\BobaApp\BobaApp\Assets\Spine\Runtime\spine-unity\Components\RootMotion\SkeletonRootMotion.cs Z:\Github\BobaApp\BobaApp\Assets\Spine\Runtime\spine-unity\Components\RootMotion\SkeletonRootMotionBase.cs Z:\Github\BobaApp\BobaApp\Assets\Spine\Runtime\spine-unity\Components\SkeletonAnimation.cs Z:\Github\BobaApp\BobaApp\Assets\Spine\Runtime\spine-unity\Components\SkeletonGraphic.cs Z:\Github\BobaApp\BobaApp\Assets\Spine\Runtime\spine-unity\Components\SkeletonMecanim.cs Z:\Github\BobaApp\BobaApp\Assets\Spine\Runtime\spine-unity\Components\SkeletonRenderer.cs Z:\Github\BobaApp\BobaApp\Assets\Spine\Runtime\spine-unity\Components\SkeletonRendererCustomMaterials\SkeletonGraphicCustomMaterials.cs Z:\Github\BobaApp\BobaApp\Assets\Spine\Runtime\spine-unity\Components\SkeletonRendererCustomMaterials\SkeletonRendererCustomMaterials.cs Z:\Github\BobaApp\BobaApp\Assets\Spine\Runtime\spine-unity\Components\SkeletonRenderSeparator\SkeletonPartsRenderer.cs Z:\Github\BobaApp\BobaApp\Assets\Spine\Runtime\spine-unity\Components\SkeletonRenderSeparator\SkeletonRenderSeparator.cs Z:\Github\BobaApp\BobaApp\Assets\Spine\Runtime\spine-unity\Components\SkeletonUtility\ActivateBasedOnFlipDirection.cs Z:\Github\BobaApp\BobaApp\Assets\Spine\Runtime\spine-unity\Components\SkeletonUtility\FollowLocationRigidbody.cs Z:\Github\BobaApp\BobaApp\Assets\Spine\Runtime\spine-unity\Components\SkeletonUtility\FollowLocationRigidbody2D.cs Z:\Github\BobaApp\BobaApp\Assets\Spine\Runtime\spine-unity\Components\SkeletonUtility\FollowSkeletonUtilityRootRotation.cs Z:\Github\BobaApp\BobaApp\Assets\Spine\Runtime\spine-unity\Components\SkeletonUtility\SkeletonUtility.cs Z:\Github\BobaApp\BobaApp\Assets\Spine\Runtime\spine-unity\Components\SkeletonUtility\SkeletonUtilityBone.cs Z:\Github\BobaApp\BobaApp\Assets\Spine\Runtime\spine-unity\Components\SkeletonUtility\SkeletonUtilityConstraint.cs Z:\Github\BobaApp\BobaApp\Assets\Spine\Runtime\spine-unity\Deprecated\SlotBlendModes\SlotBlendModes.cs Z:\Github\BobaApp\BobaApp\Assets\Spine\Runtime\spine-unity\ISkeletonAnimation.cs "Z:\Github\BobaApp\BobaApp\Assets\Spine\Runtime\spine-unity\Mesh Generation\DoubleBuffered.cs" "Z:\Github\BobaApp\BobaApp\Assets\Spine\Runtime\spine-unity\Mesh Generation\MeshGenerator.cs" "Z:\Github\BobaApp\BobaApp\Assets\Spine\Runtime\spine-unity\Mesh Generation\MeshRendererBuffers.cs" "Z:\Github\BobaApp\BobaApp\Assets\Spine\Runtime\spine-unity\Mesh Generation\SkeletonRendererInstruction.cs" "Z:\Github\BobaApp\BobaApp\Assets\Spine\Runtime\spine-unity\Mesh Generation\SpineMesh.cs" Z:\Github\BobaApp\BobaApp\Assets\Spine\Runtime\spine-unity\Modules\TK2D\SpriteCollectionAttachmentLoader.cs Z:\Github\BobaApp\BobaApp\Assets\Spine\Runtime\spine-unity\SkeletonDataModifierAssets\BlendModeMaterials\BlendModeMaterialsAsset.cs Z:\Github\BobaApp\BobaApp\Assets\Spine\Runtime\spine-unity\SpineAttributes.cs Z:\Github\BobaApp\BobaApp\Assets\Spine\Runtime\spine-unity\Utility\AtlasUtilities.cs Z:\Github\BobaApp\BobaApp\Assets\Spine\Runtime\spine-unity\Utility\AttachmentCloneExtensions.cs Z:\Github\BobaApp\BobaApp\Assets\Spine\Runtime\spine-unity\Utility\AttachmentRegionExtensions.cs Z:\Github\BobaApp\BobaApp\Assets\Spine\Runtime\spine-unity\Utility\MaterialChecks.cs Z:\Github\BobaApp\BobaApp\Assets\Spine\Runtime\spine-unity\Utility\SkeletonExtensions.cs Z:\Github\BobaApp\BobaApp\Assets\Spine\Runtime\spine-unity\Utility\SkinUtilities.cs Z:\Github\BobaApp\BobaApp\Assets\Spine\Runtime\spine-unity\Utility\TimelineExtensions.cs Z:\Github\BobaApp\BobaApp\Assets\Spine\Runtime\spine-unity\Utility\YieldInstructions\WaitForSpineAnimation.cs Z:\Github\BobaApp\BobaApp\Assets\Spine\Runtime\spine-unity\Utility\YieldInstructions\WaitForSpineAnimationComplete.cs Z:\Github\BobaApp\BobaApp\Assets\Spine\Runtime\spine-unity\Utility\YieldInstructions\WaitForSpineAnimationEnd.cs Z:\Github\BobaApp\BobaApp\Assets\Spine\Runtime\spine-unity\Utility\YieldInstructions\WaitForSpineEvent.cs Z:\Github\BobaApp\BobaApp\Assets\Spine\Runtime\spine-unity\Utility\YieldInstructions\WaitForSpineTrackEntryEnd.cs Z:\Github\BobaApp\BobaApp\Assets\Water2D\Core\ColliderFillerExtension\ColliderFiller.cs Z:\Github\BobaApp\BobaApp\Assets\Water2D\Core\ColliderFillerExtension\ColliderFillerGizmos.cs Z:\Github\BobaApp\BobaApp\Assets\Water2D\Core\ColliderFillerExtension\ColliderTrigger.cs Z:\Github\BobaApp\BobaApp\Assets\Water2D\Core\CoreUtils.cs Z:\Github\BobaApp\BobaApp\Assets\Water2D\Core\MetaballCameraEffect.cs Z:\Github\BobaApp\BobaApp\Assets\Water2D\Core\MetaballParticleClass.cs Z:\Github\BobaApp\BobaApp\Assets\Water2D\Core\PhysicsSimulation.cs Z:\Github\BobaApp\BobaApp\Assets\Water2D\Core\ResizeQuadEffectController.cs Z:\Github\BobaApp\BobaApp\Assets\Water2D\Core\SpawnersManager.cs Z:\Github\BobaApp\BobaApp\Assets\Water2D\Core\Water2D_Spawner.cs Z:\Github\BobaApp\BobaApp\Assets\Water2D\Core\Water2DEvents.cs Z:\Github\BobaApp\BobaApp\Assets\Water2D\Core\Water2DPlayModeStateChanged.cs "Z:\Github\BobaApp\BobaApp\Assets\Water2D\EXAMPLES\10- Soda jet\ApplyPhysicsForceManager.cs" "Z:\Github\BobaApp\BobaApp\Assets\Water2D\EXAMPLES\2- Multiple Spawner and Colors\ColorPicker.cs" "Z:\Github\BobaApp\BobaApp\Assets\Water2D\EXAMPLES\3- High Viscosity fluid\3D - Water and lava stuffs\DeleteParticles.cs" "Z:\Github\BobaApp\BobaApp\Assets\Water2D\EXAMPLES\3- High Viscosity fluid\3D - Water and lava stuffs\LavaColorPicker.cs" "Z:\Github\BobaApp\BobaApp\Assets\Water2D\EXAMPLES\3- High Viscosity fluid\3D - Water and lava stuffs\LavaEvents.cs" "Z:\Github\BobaApp\BobaApp\Assets\Water2D\EXAMPLES\3- High Viscosity fluid\3D - Water and lava stuffs\Rotation.cs" "Z:\Github\BobaApp\BobaApp\Assets\Water2D\EXAMPLES\3- High Viscosity fluid\3D - Water and lava stuffs\TransformToMouseDirection.cs" "Z:\Github\BobaApp\BobaApp\Assets\Water2D\EXAMPLES\3- High Viscosity fluid\ActionDispatcher.cs" "Z:\Github\BobaApp\BobaApp\Assets\Water2D\EXAMPLES\3- High Viscosity fluid\DecoratorManager.cs" "Z:\Github\BobaApp\BobaApp\Assets\Water2D\EXAMPLES\3- High Viscosity fluid\Mover.cs" "Z:\Github\BobaApp\BobaApp\Assets\Water2D\EXAMPLES\5- Events and Water\DeleteTriggerBoundingBox.cs" "Z:\Github\BobaApp\BobaApp\Assets\Water2D\EXAMPLES\5- Events and Water\PlaySoundOnEverySpawn.cs" "Z:\Github\BobaApp\BobaApp\Assets\Water2D\EXAMPLES\7- Glass rotator\SimpleRotation.cs" "Z:\Github\BobaApp\BobaApp\Assets\Water2D\EXAMPLES\8- Current generator\GeneratorController.cs" Z:\Github\BobaApp\BobaApp\Assets\Water2D\Scripts\_SpawnExampleController.cs Z:\Github\BobaApp\BobaApp\Assets\Water2D\Scripts\MouseColliderController.cs Z:\Github\BobaApp\BobaApp\Assets\Water2D\Scripts\screenshot.cs Properties/AssemblyInfo.cs Sources/OtherDummyScript.cs "obj\Debug\.NETFramework,Version=v4.7.AssemblyAttributes.cs"

Z:\Github\BobaApp\BobaApp\Assets\Scripts\GamePlay\FaucetManager.cs(7,6): warning CS8371: Field-targeted attributes on auto-properties are not supported in language version 7.2. Please use language version 7.3 or greater. [C:\Users\Admin\Desktop\luna\5.2.0\pipeline\templates\LunaCompiler\Scripts\Scripts.csproj]

Z:\Github\BobaApp\BobaApp\Assets\Scripts\Utility\AutoDestructor.cs(14,42): warning CS0649: Field 'AutoDestructor.typeDestroy' is never assigned to, and will always have its default value [C:\Users\Admin\Desktop\luna\5.2.0\pipeline\templates\LunaCompiler\Scripts\Scripts.csproj]
Z:\Github\BobaApp\BobaApp\Assets\Scripts\Utility\RotateObject.cs(7,36): warning CS0649: Field 'RotateObject.duration' is never assigned to, and will always have its default value 0 [C:\Users\Admin\Desktop\luna\5.2.0\pipeline\templates\LunaCompiler\Scripts\Scripts.csproj]
Z:\Github\BobaApp\BobaApp\Assets\Water2D\Core\ResizeQuadEffectController.cs(69,16): warning CS0649: Field 'ResizeQuadEffectController.backgroundCamera' is never assigned to, and will always have its default value null [C:\Users\Admin\Desktop\luna\5.2.0\pipeline\templates\LunaCompiler\Scripts\Scripts.csproj]

Z:\Github\BobaApp\BobaApp\Assets\Water2D\Core\ResizeQuadEffectController.cs(111,9): warning CS0169: The field 'ResizeQuadEffectController.width' is never used [C:\Users\Admin\Desktop\luna\5.2.0\pipeline\templates\LunaCompiler\Scripts\Scripts.csproj]
Z:\Github\BobaApp\BobaApp\Assets\Scripts\GamePlay\FaucetManager.cs(9,20): warning CS0649: Field 'FaucetManager.faucetPrefab' is never assigned to, and will always have its default value null [C:\Users\Admin\Desktop\luna\5.2.0\pipeline\templates\LunaCompiler\Scripts\Scripts.csproj]

Z:\Github\BobaApp\BobaApp\Assets\Water2D\Core\ResizeQuadEffectController.cs(64,19): warning CS0169: The field 'ResizeQuadEffectController.backTex2d' is never used [C:\Users\Admin\Desktop\luna\5.2.0\pipeline\templates\LunaCompiler\Scripts\Scripts.csproj]

Z:\Github\BobaApp\BobaApp\Assets\Scripts\Manager\GameManager\GameManager2.cs(11,20): warning CS0169: The field 'GameManager2.faucet2' is never used [C:\Users\Admin\Desktop\luna\5.2.0\pipeline\templates\LunaCompiler\Scripts\Scripts.csproj]
Z:\Github\BobaApp\BobaApp\Assets\Water2D\Core\MetaballParticleClass.cs(288,13): warning CS0169: The field 'MetaballParticleClass.deltaScale' is never used [C:\Users\Admin\Desktop\luna\5.2.0\pipeline\templates\LunaCompiler\Scripts\Scripts.csproj]

Z:\Github\BobaApp\BobaApp\Assets\Water2D\Core\MetaballParticleClass.cs(290,13): warning CS0169: The field 'MetaballParticleClass.tmpScale' is never used [C:\Users\Admin\Desktop\luna\5.2.0\pipeline\templates\LunaCompiler\Scripts\Scripts.csproj]

Z:\Github\BobaApp\BobaApp\Assets\Scripts\GamePlay\Faucet.cs(14,46): warning CS0649: Field 'Faucet.spawner' is never assigned to, and will always have its default value null [C:\Users\Admin\Desktop\luna\5.2.0\pipeline\templates\LunaCompiler\Scripts\Scripts.csproj]
Z:\Github\BobaApp\BobaApp\Assets\Water2D\Core\ResizeQuadEffectController.cs(63,12): warning CS0169: The field 'ResizeQuadEffectController.effectCam' is never used [C:\Users\Admin\Desktop\luna\5.2.0\pipeline\templates\LunaCompiler\Scripts\Scripts.csproj]

Z:\Github\BobaApp\BobaApp\Assets\Scripts\GamePlay\Ice.cs(18,39): warning CS0649: Field 'Ice.sprites' is never assigned to, and will always have its default value null [C:\Users\Admin\Desktop\luna\5.2.0\pipeline\templates\LunaCompiler\Scripts\Scripts.csproj]

Z:\Github\BobaApp\BobaApp\Assets\Scripts\Manager\GameManager\GameManager2.cs(10,20): warning CS0169: The field 'GameManager2.faucet1' is never used [C:\Users\Admin\Desktop\luna\5.2.0\pipeline\templates\LunaCompiler\Scripts\Scripts.csproj]

Z:\Github\BobaApp\BobaApp\Assets\Water2D\Core\Water2D_Spawner.cs(1087,16): warning CS0169: The field 'Water2D_Spawner.fresnelCamera' is never used [C:\Users\Admin\Desktop\luna\5.2.0\pipeline\templates\LunaCompiler\Scripts\Scripts.csproj]

Z:\Github\BobaApp\BobaApp\Assets\Water2D\Core\SpawnersManager.cs(395,19): warning CS0169: The field 'SpawnersManager._arrayTexture2DColors' is never used [C:\Users\Admin\Desktop\luna\5.2.0\pipeline\templates\LunaCompiler\Scripts\Scripts.csproj]

Z:\Github\BobaApp\BobaApp\Assets\Water2D\Core\ResizeQuadEffectController.cs(111,16): warning CS0169: The field 'ResizeQuadEffectController.height' is never used [C:\Users\Admin\Desktop\luna\5.2.0\pipeline\templates\LunaCompiler\Scripts\Scripts.csproj]
Z:\Github\BobaApp\BobaApp\Assets\Water2D\Core\ResizeQuadEffectController.cs(62,13): warning CS0169: The field 'ResizeQuadEffectController.effectTex2d' is never used [C:\Users\Admin\Desktop\luna\5.2.0\pipeline\templates\LunaCompiler\Scripts\Scripts.csproj]

Z:\Github\BobaApp\BobaApp\Assets\Water2D\Core\MetaballParticleClass.cs(289,13): warning CS0169: The field 'MetaballParticleClass.initScale' is never used [C:\Users\Admin\Desktop\luna\5.2.0\pipeline\templates\LunaCompiler\Scripts\Scripts.csproj]

Z:\Github\BobaApp\BobaApp\Assets\Scripts\GamePlay\Faucet.cs(13,36): warning CS0649: Field 'Faucet.image' is never assigned to, and will always have its default value null [C:\Users\Admin\Desktop\luna\5.2.0\pipeline\templates\LunaCompiler\Scripts\Scripts.csproj]

Z:\Github\BobaApp\BobaApp\Assets\Scripts\Utility\RotateObject.cs(8,36): warning CS0649: Field 'RotateObject.angle' is never assigned to, and will always have its default value 0 [C:\Users\Admin\Desktop\luna\5.2.0\pipeline\templates\LunaCompiler\Scripts\Scripts.csproj]

Z:\Github\BobaApp\BobaApp\Assets\Scripts\GamePlay\Liquid.cs(11,52): warning CS0649: Field 'Liquid.metaballParticleClass' is never assigned to, and will always have its default value null [C:\Users\Admin\Desktop\luna\5.2.0\pipeline\templates\LunaCompiler\Scripts\Scripts.csproj]

Z:\Github\BobaApp\BobaApp\Assets\Water2D\Core\SpawnersManager.cs(14,23): warning CS0169: The field 'SpawnersManager._scene' is never used [C:\Users\Admin\Desktop\luna\5.2.0\pipeline\templates\LunaCompiler\Scripts\Scripts.csproj]
Z:\Github\BobaApp\BobaApp\Assets\Scripts\GamePlay\Faucet.cs(15,43): warning CS0649: Field 'Faucet.eventTrigger' is never assigned to, and will always have its default value null [C:\Users\Admin\Desktop\luna\5.2.0\pipeline\templates\LunaCompiler\Scripts\Scr
ipts.csproj]
Z:\Github\BobaApp\BobaApp\Assets\Scripts\GamePlay\DrinkMaterial.cs(16,18): warning CS0414: The field 'DrinkMaterial.isNeverInView' is assigned but its value is never used [C:\Users\Admin\Desktop\luna\5.2.0\pipeline\templates\LunaCompiler\Scripts\Scripts.csproj]

  CompilerServer: server - server processed compilation - d5f671ae-862d-482a-9da1-504b6aee2d6b

_CopyFilesMarkedCopyLocal:
  Copying file from "C:\Users\Admin\Desktop\luna\5.2.0\pipeline\templates\LunaCompiler\packages\Retyped.Core.1.6.6733\lib\net40\Retyped.Core.dll" to "C:\Users\Admin\Desktop\luna\5.2.0\pipeline\templates\LunaCompiler\Scripts\bin\Debug\Retyped.Core.dll".

  Copying file from "C:\Users\Admin\Desktop\luna\5.2.0\pipeline\templates\LunaCompiler\packages\Bridge.WebGL.1.22.0\lib\net40\Bridge.WebGL.dll" to "C:\Users\Admin\Desktop\luna\5.2.0\pipeline\templates\LunaCompiler\Scripts\bin\Debug\Bridge.WebGL.dll".
  Copying file from "C:\Users\Admin\Desktop\luna\5.2.0\pipeline\templates\LunaCompiler\packages\Bridge.Newtonsoft.Json.1.16.0\lib\net40\Newtonsoft.Json.dll" to "C:\Users\Admin\Desktop\luna\5.2.0\pipeline\templates\LunaCompiler\Scripts\bin\Debug\Newtonsoft.Json.dll".

  Copying file from "C:\Users\Admin\Desktop\luna\5.2.0\pipeline\templates\LunaCompiler\packages\Bridge.Core.17.9.33-luna\lib\net40\Bridge.dll" to "C:\Users\Admin\Desktop\luna\5.2.0\pipeline\templates\LunaCompiler\Scripts\bin\Debug\Bridge.dll".

  Copying file from "C:\Users\Admin\Desktop\luna\5.2.0\pipeline\templates\LunaCompiler\packages\Bridge.Html5.17.9.0\lib\net40\Bridge.Html5.dll" to "C:\Users\Admin\Desktop\luna\5.2.0\pipeline\templates\LunaCompiler\Scripts\bin\Debug\Bridge.Html5.dll".
  Copying file from "C:\Users\Admin\Desktop\luna\5.2.0\pipeline\templates\LunaCompiler\packages\DOTween.1.2.705\lib\net40\DOTween.dll" to "C:\Users\Admin\Desktop\luna\5.2.0\pipeline\templates\LunaCompiler\Scripts\bin\Debug\DOTween.dll".

  Copying file from "C:\Users\Admin\Desktop\luna\5.2.0\pipeline\templates\LunaCompiler\packages\Retyped.dom.2.8.6733\lib\net40\Retyped.dom.dll" to "C:\Users\Admin\Desktop\luna\5.2.0\pipeline\templates\LunaCompiler\Scripts\bin\Debug\Retyped.dom.dll".
  Copying file from "C:\Users\Admin\Desktop\luna\5.2.0\pipeline\templates\LunaCompiler\packages\Retyped.es5.2.8.6733\lib\net40\Retyped.es5.dll" to "C:\Users\Admin\Desktop\luna\5.2.0\pipeline\templates\LunaCompiler\Scripts\bin\Debug\Retyped.es5.dll".

  Copying file from "C:\Users\Admin\Desktop\luna\5.2.0\pipeline\templates\LunaCompiler\packages\com.unity.textmeshpro\3.0.6\TextMeshPro.dll" to "C:\Users\Admin\Desktop\luna\5.2.0\pipeline\templates\LunaCompiler\Scripts\bin\Debug\TextMeshPro.dll".

  Copying file from "C:\Users\Admin\Desktop\luna\5.2.0\pipeline\templates\LunaCompiler\packages\Retyped.scripthost.2.8.6733\lib\net40\Retyped.scripthost.dll" to "C:\Users\Admin\Desktop\luna\5.2.0\pipeline\templates\LunaCompiler\Scripts\bin\Debug\Retyped.scripthost.dll".

  Copying file from "C:\Users\Admin\Desktop\luna\5.2.0\pipeline\templates\LunaCompiler\Scripts\Vendor\UnityEngine.dll" to "C:\Users\Admin\Desktop\luna\5.2.0\pipeline\templates\LunaCompiler\Scripts\bin\Debug\UnityEngine.dll".

  Copying file from "C:\Users\Admin\Desktop\luna\5.2.0\pipeline\templates\LunaCompiler\packages\com.unity.ui\1.2.1\UnityEngine.UI.dll" to "C:\Users\Admin\Desktop\luna\5.2.0\pipeline\templates\LunaCompiler\Scripts\bin\Debug\UnityEngine.UI.dll".

  Copying file from "C:\Users\Admin\Desktop\luna\5.2.0\pipeline\templates\LunaCompiler\packages\com.unity.urp\7.6\UnityEngine.UniversalRenderPipeline.dll" to "C:\Users\Admin\Desktop\luna\5.2.0\pipeline\templates\LunaCompiler\Scripts\bin\Debug\UnityEngine.UniversalRenderPipeline.dll".

  Copying file from "C:\Users\Admin\Desktop\luna\5.2.0\pipeline\templates\LunaCompiler\packages\Bridge.Core.17.9.33-luna\lib\net40\Bridge.xml" to "C:\Users\Admin\Desktop\luna\5.2.0\pipeline\templates\LunaCompiler\Scripts\bin\Debug\Bridge.xml".

  Copying file from "C:\Users\Admin\Desktop\luna\5.2.0\pipeline\templates\LunaCompiler\packages\Bridge.Html5.17.9.0\lib\net40\Bridge.Html5.xml" to "C:\Users\Admin\Desktop\luna\5.2.0\pipeline\templates\LunaCompiler\Scripts\bin\Debug\Bridge.Html5.xml".

  Copying file from "C:\Users\Admin\Desktop\luna\5.2.0\pipeline\templates\LunaCompiler\packages\Bridge.WebGL.1.22.0\lib\net40\Bridge.WebGL.xml" to "C:\Users\Admin\Desktop\luna\5.2.0\pipeline\templates\LunaCompiler\Scripts\bin\Debug\Bridge.WebGL.xml".

  Copying file from "C:\Users\Admin\Desktop\luna\5.2.0\pipeline\templates\LunaCompiler\packages\Bridge.Newtonsoft.Json.1.16.0\lib\net40\Newtonsoft.Json.xml" to "C:\Users\Admin\Desktop\luna\5.2.0\pipeline\templates\LunaCompiler\Scripts\bin\Debug\Newtonsoft.Json.xml".

  Copying file from "C:\Users\Admin\Desktop\luna\5.2.0\pipeline\templates\LunaCompiler\packages\Retyped.Core.1.6.6733\lib\net40\Retyped.Core.xml" to "C:\Users\Admin\Desktop\luna\5.2.0\pipeline\templates\LunaCompiler\Scripts\bin\Debug\Retyped.Core.xml".

  Copying file from "C:\Users\Admin\Desktop\luna\5.2.0\pipeline\templates\LunaCompiler\packages\Retyped.dom.2.8.6733\lib\net40\Retyped.dom.xml" to "C:\Users\Admin\Desktop\luna\5.2.0\pipeline\templates\LunaCompiler\Scripts\bin\Debug\Retyped.dom.xml".

  Copying file from "C:\Users\Admin\Desktop\luna\5.2.0\pipeline\templates\LunaCompiler\packages\Retyped.es5.2.8.6733\lib\net40\Retyped.es5.xml" to "C:\Users\Admin\Desktop\luna\5.2.0\pipeline\templates\LunaCompiler\Scripts\bin\Debug\Retyped.es5.xml".

  Copying file from "C:\Users\Admin\Desktop\luna\5.2.0\pipeline\templates\LunaCompiler\packages\Retyped.scripthost.2.8.6733\lib\net40\Retyped.scripthost.xml" to "C:\Users\Admin\Desktop\luna\5.2.0\pipeline\templates\LunaCompiler\Scripts\bin\Debug\Retyped.scripthost.xml".

  Creating "C:\Users\Admin\Desktop\luna\5.2.0\pipeline\templates\LunaCompiler\Scripts\obj\Debug\Scripts.csproj.CopyComplete" because "AlwaysCreate" was specified.

CopyFilesToOutputDirectory:
  Copying file from "C:\Users\Admin\Desktop\luna\5.2.0\pipeline\templates\LunaCompiler\Scripts\obj\Debug\UnityScriptsCompiler.dll" to "C:\Users\Admin\Desktop\luna\5.2.0\pipeline\templates\LunaCompiler\Scripts\bin\Debug\UnityScriptsCompiler.dll".

  Scripts -> C:\Users\Admin\Desktop\luna\5.2.0\pipeline\templates\LunaCompiler\Scripts\bin\Debug\UnityScriptsCompiler.dll

  Copying file from "C:\Users\Admin\Desktop\luna\5.2.0\pipeline\templates\LunaCompiler\Scripts\obj\Debug\UnityScriptsCompiler.pdb" to "C:\Users\Admin\Desktop\luna\5.2.0\pipeline\templates\LunaCompiler\Scripts\bin\Debug\UnityScriptsCompiler.pdb".

BridgeNetCompilerTask:
  Bridge started

      To enable detailed logging, configure "logging" in bridge.json.

      https://github.com/bridgedotnet/Bridge/wiki/global-configuration#logging

  Bridge done

Done Building Project "C:\Users\Admin\Desktop\luna\5.2.0\pipeline\templates\LunaCompiler\Scripts\Scripts.csproj" (Rebuild target(s)).


Build succeeded.



"C:\Users\Admin\Desktop\luna\5.2.0\pipeline\templates\LunaCompiler\Scripts\Scripts.csproj" (Rebuild target) (1) ->
(CoreCompile target) -> 
  Z:\Github\BobaApp\BobaApp\Assets\Scripts\GamePlay\FaucetManager.cs(7,6): warning CS8371: Field-targeted attributes on auto-properties are not supported in language version 7.2. Please use language version 7.3 or greater. [C:\Users\Admin\Desktop\luna\5.2.0\pipeline\templates\LunaCompiler\Scripts\Scripts.csproj]
  Z:\Github\BobaApp\BobaApp\Assets\Scripts\Utility\AutoDestructor.cs(14,42): warning CS0649: Field 'AutoDestructor.typeDestroy' is never assigned to, and will always have its default value [C:\Users\Admin\Desktop\luna\5.2.0\pipeline\templates\LunaCompiler\Scripts\Scripts.csproj]
  Z:\Github\BobaApp\BobaApp\Assets\Scripts\Utility\RotateObject.cs(7,36): warning CS0649: Field 'RotateObject.duration' is never assigned to, and will always have its default value 0 [C:\Users\Admin\Desktop\luna\5.2.0\pipeline\templates\LunaCompiler\Scripts\Scripts.csproj]
  Z:\Github\BobaApp\BobaApp\Assets\Water2D\Core\ResizeQuadEffectController.cs(69,16): warning CS0649: Field 'ResizeQuadEffectController.backgroundCamera' is never assigned to, and will always have its default value null [C:\Users\Admin\Desktop\luna\5.2.0\pipeline\templates\LunaCompiler\Scripts\Scripts.csproj]
  Z:\Github\BobaApp\BobaApp\Assets\Water2D\Core\ResizeQuadEffectController.cs(111,9): warning CS0169: The field 'ResizeQuadEffectController.width' is never used [C:\Users\Admin\Desktop\luna\5.2.0\pipeline\templates\LunaCompiler\Scripts\Scripts.csproj]
  Z:\Github\BobaApp\BobaApp\Assets\Scripts\GamePlay\FaucetManager.cs(9,20): warning CS0649: Field 'FaucetManager.faucetPrefab' is never assigned to, and will always have its default value null [C:\Users\Admin\Desktop\luna\5.2.0\pipeline\templates\LunaCompiler\Scripts\Scripts.csproj]
  Z:\Github\BobaApp\BobaApp\Assets\Water2D\Core\ResizeQuadEffectController.cs(64,19): warning CS0169: The field 'ResizeQuadEffectController.backTex2d' is never used [C:\Users\Admin\Desktop\luna\5.2.0\pipeline\templates\LunaCompiler\Scripts\Scripts.csproj]
  Z:\Github\BobaApp\BobaApp\Assets\Scripts\Manager\GameManager\GameManager2.cs(11,20): warning CS0169: The field 'GameManager2.faucet2' is never used [C:\Users\Admin\Desktop\luna\5.2.0\pipeline\templates\LunaCompiler\Scripts\Scripts.csproj]
  Z:\Github\BobaApp\BobaApp\Assets\Water2D\Core\MetaballParticleClass.cs(288,13): warning CS0169: The field 'MetaballParticleClass.deltaScale' is never used [C:\Users\Admin\Desktop\luna\5.2.0\pipeline\templates\LunaCompiler\Scripts\Scripts.csproj]
  Z:\Github\BobaApp\BobaApp\Assets\Water2D\Core\MetaballParticleClass.cs(290,13): warning CS0169: The field 'MetaballParticleClass.tmpScale' is never used [C:\Users\Admin\Desktop\luna\5.2.0\pipeline\templates\LunaCompiler\Scripts\Scripts.csproj]

  Z:\Github\BobaApp\BobaApp\Assets\Scripts\GamePlay\Faucet.cs(14,46): warning CS0649: Field 'Faucet.spawner' is never assigned to, and will always have its default value null [C:\Users\Admin\Desktop\luna\5.2.0\pipeline\templates\LunaCompiler\Scripts\Scripts.csproj]
  Z:\Github\BobaApp\BobaApp\Assets\Water2D\Core\ResizeQuadEffectController.cs(63,12): warning CS0169: The field 'ResizeQuadEffectController.effectCam' is never used [C:\Users\Admin\Desktop\luna\5.2.0\pipeline\templates\LunaCompiler\Scripts\Scripts.csproj]
  Z:\Github\BobaApp\BobaApp\Assets\Scripts\GamePlay\Ice.cs(18,39): warning CS0649: Field 'Ice.sprites' is never assigned to, and will always have its default value null [C:\Users\Admin\Desktop\luna\5.2.0\pipeline\templates\LunaCompiler\Scripts\Scripts.csproj]
  Z:\Github\BobaApp\BobaApp\Assets\Scripts\Manager\GameManager\GameManager2.cs(10,20): warning CS0169: The field 'GameManager2.faucet1' is never used [C:\Users\Admin\Desktop\luna\5.2.0\pipeline\templates\LunaCompiler\Scripts\Scripts.csproj]
  Z:\Github\BobaApp\BobaApp\Assets\Water2D\Core\Water2D_Spawner.cs(1087,16): warning CS0169: The field 'Water2D_Spawner.fresnelCamera' is never used [C:\Users\Admin\Desktop\luna\5.2.0\pipeline\templates\LunaCompiler\Scripts\Scripts.csproj]
  Z:\Github\BobaApp\BobaApp\Assets\Water2D\Core\SpawnersManager.cs(395,19): warning CS0169: The field 'SpawnersManager._arrayTexture2DColors' is never used [C:\Users\Admin\Desktop\luna\5.2.0\pipeline\templates\LunaCompiler\Scripts\Scripts.csproj]
  Z:\Github\BobaApp\BobaApp\Assets\Water2D\Core\ResizeQuadEffectController.cs(111,16): warning CS0169: The field 'ResizeQuadEffectController.height' is never used [C:\Users\Admin\Desktop\luna\5.2.0\pipeline\templates\LunaCompiler\Scripts\Scripts.csproj]
  Z:\Github\BobaApp\BobaApp\Assets\Water2D\Core\ResizeQuadEffectController.cs(62,13): warning CS0169: The field 'ResizeQuadEffectController.effectTex2d' is never used [C:\Users\Admin\Desktop\luna\5.2.0\pipeline\templates\LunaCompiler\Scripts\Scripts.csproj]
  Z:\Github\BobaApp\BobaApp\Assets\Water2D\Core\MetaballParticleClass.cs(289,13): warning CS0169: The field 'MetaballParticleClass.initScale' is never used [C:\Users\Admin\Desktop\luna\5.2.0\pipeline\templates\LunaCompiler\Scripts\Scripts.csproj]
  Z:\Github\BobaApp\BobaApp\Assets\Scripts\GamePlay\Faucet.cs(13,36): warning CS0649: Field 'Faucet.image' is never assigned to, and will always have its default value null [C:\Users\Admin\Desktop\luna\5.2.0\pipeline\templates\LunaCompiler\Scripts\Scripts.csproj]
  Z:\Github\BobaApp\BobaApp\Assets\Scripts\Utility\RotateObject.cs(8,36): warning CS0649: Field 'RotateObject.angle' is never assigned to, and will always have its default value 0 [C:\Users\Admin\Desktop\luna\5.2.0\pipeline\templates\LunaCompiler\Scripts\Scripts.csproj]
  Z:\Github\BobaApp\BobaApp\Assets\Scripts\GamePlay\Liquid.cs(11,52): warning CS0649: Field 'Liquid.metaballParticleClass' is never assigned to, and will always have its default value null [C:\Users\Admin\Desktop\luna\5.2.0\pipeline\templates\LunaCompiler\Scripts\Scripts.csproj]
  Z:\Github\BobaApp\BobaApp\Assets\Water2D\Core\SpawnersManager.cs(14,23): warning CS0169: The field 'SpawnersManager._scene' is never used [C:\Users\Admin\Desktop\luna\5.2.0\pipeline\templates\LunaCompiler\Scripts\Scripts.csproj]
  Z:\Github\BobaApp\BobaApp\Assets\Scripts\GamePlay\Faucet.cs(15,43): warning CS0649: Field 'Faucet.eventTrigger' is never assigned to, and will always have its default value null [C:\Users\Admin\Desktop\luna\5.2.0\pipeline\templates\LunaCompiler\Scripts\Scripts.csproj]
  Z:\Github\BobaApp\BobaApp\Assets\Scripts\GamePlay\DrinkMaterial.cs(16,18): warning CS0414: The field 'DrinkMaterial.isNeverInView' is assigned but its value is never used [C:\Users\Admin\Desktop\luna\5.2.0\pipeline\templates\LunaCompiler\Scripts\Scripts.csproj]


    25 Warning(s)
    0 Error(s)

Time Elapsed 00:00:15.74

Source code compiled successfully!
Diagnostics gathered successfully
report@code:build 21204.14
report@diagnostics:verify 0.41
report@diagnostics:upload 2124.18
report@code:stage 6913.84
[ Stage3 ] Code compiled and bundled successfully.
report@code:bundle 30575.40
report@package:stage 1213.66
[ Stage4 ] Target platform: develop
[ Stage4 ] Package bundled successfully
report@assets:stats 0.15
